<?xml version="1.0" encoding="UTF-8"?>
<!-- Generated by org.testng.reporters.JUnitReportReporter -->
<testsuite hostname="LAPTOP-2P2KGHCT" failures="0" tests="1" name="Com.Ecomerce.TestCases.TC_new_registration_test_case" time="20.284" errors="0" timestamp="2023-07-27T00:22:47 IST" skipped="0">
  <testcase classname="Com.Ecomerce.TestCases.TC_new_registration_test_case" name="Registration" time="20.284"/>
  <system-out/>
</testsuite> <!-- Com.Ecomerce.TestCases.TC_new_registration_test_case -->
