<?xml version="1.0" encoding="UTF-8"?>
<!-- Generated by org.testng.reporters.JUnitReportReporter -->
<testsuite hostname="LAPTOP-2P2KGHCT" failures="0" tests="1" name="Com.Ecomerce.TestCases.TC_AddtoCart_TestCase" time="15.081" errors="0" timestamp="2023-07-24T16:45:46 IST" skipped="0">
  <testcase classname="Com.Ecomerce.TestCases.TC_AddtoCart_TestCase" name="AddtoCart" time="15.081"/>
  <system-out/>
</testsuite> <!-- Com.Ecomerce.TestCases.TC_AddtoCart_TestCase -->
