<?xml version="1.0" encoding="UTF-8"?>
<!-- Generated by org.testng.reporters.JUnitReportReporter -->
<testsuite hostname="LAPTOP-2P2KGHCT" failures="0" tests="1" name="Com.Ecomerce.TestCases.TC_new_registration_test_case" time="20.893" errors="0" timestamp="2023-07-25T17:27:39 IST" skipped="0">
  <testcase classname="Com.Ecomerce.TestCases.TC_new_registration_test_case" name="Registration" time="20.893"/>
  <system-out/>
</testsuite> <!-- Com.Ecomerce.TestCases.TC_new_registration_test_case -->
