<?xml version="1.0" encoding="UTF-8"?>
<!-- Generated by org.testng.reporters.JUnitReportReporter -->
<testsuite hostname="LAPTOP-2P2KGHCT" failures="0" tests="1" name="Com.Ecomerce.TestCases.TC_Login1" time="8.366" errors="0" timestamp="2023-07-19T01:03:48 IST" skipped="0">
  <testcase classname="Com.Ecomerce.TestCases.TC_Login1" name="Login" time="8.366"/>
  <system-out/>
</testsuite> <!-- Com.Ecomerce.TestCases.TC_Login1 -->
