<?xml version="1.0" encoding="UTF-8"?>
<!-- Generated by org.testng.reporters.JUnitReportReporter -->
<testsuite hostname="LAPTOP-2P2KGHCT" failures="0" tests="3" name="Annotations.Annotaion" time="0.014" errors="0" timestamp="2023-07-06T23:53:02 IST" skipped="0">
  <testcase classname="Annotations.Annotaion" name="GoggleTitle2" time="0.008"/>
  <testcase classname="Annotations.Annotaion" name="GoggleTitle3" time="0.002"/>
  <testcase classname="Annotations.Annotaion" name="GoggleTitle1" time="0.004"/>
</testsuite> <!-- Annotations.Annotaion -->
