<?xml version="1.0" encoding="UTF-8"?>
<!-- Generated by org.testng.reporters.JUnitReportReporter -->
<testsuite hostname="LAPTOP-2P2KGHCT" failures="0" tests="5" name="TestNG_Features.Enable1" time="0.413" errors="0" timestamp="2023-07-08T00:04:38 IST" skipped="3">
  <testcase classname="TestNG_Features.Enable1" name="Test1" time="0.001"/>
  <testcase classname="TestNG_Features.Enable1" name="B" time="0.412"/>
  <testcase classname="TestNG_Features.Enable1" name="Test2">
    <skipped/>
  </testcase> <!-- Test2 -->
  <testcase classname="TestNG_Features.Enable1" name="Test3">
    <skipped/>
  </testcase> <!-- Test3 -->
  <testcase classname="TestNG_Features.Enable1" name="A">
    <skipped/>
  </testcase> <!-- A -->
</testsuite> <!-- TestNG_Features.Enable1 -->
