<?xml version="1.0" encoding="UTF-8"?>
<!-- Generated by org.testng.reporters.JUnitReportReporter -->
<testsuite hostname="LAPTOP-2P2KGHCT" failures="0" tests="4" name="TestNG_Features.priority2" time="38.264" errors="0" timestamp="2023-07-07T00:30:55 IST" skipped="0">
  <testcase classname="TestNG_Features.priority2" name="D" time="9.083"/>
  <testcase classname="TestNG_Features.priority2" name="B" time="8.638"/>
  <testcase classname="TestNG_Features.priority2" name="C" time="11.001"/>
  <testcase classname="TestNG_Features.priority2" name="A" time="9.542"/>
</testsuite> <!-- TestNG_Features.priority2 -->
