<?xml version="1.0" encoding="UTF-8"?>
<!-- Generated by org.testng.reporters.JUnitReportReporter -->
<testsuite hostname="LAPTOP-2P2KGHCT" failures="0" tests="1" name="Project.byjus_BTC" time="38.792" errors="0" timestamp="2023-07-14T16:29:03 IST" skipped="0">
  <testcase classname="Project.byjus_BTC" name="Login" time="38.792"/>
</testsuite> <!-- Project.byjus_BTC -->
