<?xml version="1.0" encoding="UTF-8"?>
<!-- Generated by org.testng.reporters.JUnitReportReporter -->
<testsuite hostname="LAPTOP-2P2KGHCT" failures="0" tests="3" name="TestNG_Features.Demo_orangeHRM" time="27.140" errors="0" timestamp="2023-07-07T00:16:07 IST" skipped="0">
  <testcase classname="TestNG_Features.Demo_orangeHRM" name="B" time="10.231"/>
  <testcase classname="TestNG_Features.Demo_orangeHRM" name="C" time="8.296"/>
  <testcase classname="TestNG_Features.Demo_orangeHRM" name="A" time="8.613"/>
</testsuite> <!-- TestNG_Features.Demo_orangeHRM -->
