<?xml version="1.0" encoding="UTF-8"?>
<!-- Generated by org.testng.reporters.JUnitReportReporter -->
<testsuite hostname="LAPTOP-2P2KGHCT" failures="0" tests="1" name="TestNG_Features.Day3" time="0.001" errors="0" timestamp="2023-07-08T00:55:45 IST" skipped="0">
  <testcase classname="TestNG_Features.Day3" name="Test4" time="0.001"/>
</testsuite> <!-- TestNG_Features.Day3 -->
