<?xml version="1.0" encoding="UTF-8"?>
<!-- Generated by org.testng.reporters.JUnitReportReporter -->
<testsuite hostname="LAPTOP-2P2KGHCT" failures="0" tests="1" name="Project.byjus_Offline_login" time="51.414" errors="0" timestamp="2023-07-13T21:03:06 IST" skipped="0">
  <testcase classname="Project.byjus_Offline_login" name="Login" time="51.414"/>
</testsuite> <!-- Project.byjus_Offline_login -->
