<?xml version="1.0" encoding="UTF-8"?>
<!-- Generated by org.testng.reporters.JUnitReportReporter -->
<testsuite hostname="LAPTOP-2P2KGHCT" failures="0" tests="4" name="Data_provider.SecondProgram" time="57.061" errors="0" timestamp="2023-07-12T15:23:11 IST" skipped="0">
  <testcase classname="Data_provider.SecondProgram" name="Login" time="13.680"/>
  <testcase classname="Data_provider.SecondProgram" name="Login" time="13.633"/>
  <testcase classname="Data_provider.SecondProgram" name="Login" time="17.580"/>
  <testcase classname="Data_provider.SecondProgram" name="Login" time="12.168"/>
</testsuite> <!-- Data_provider.SecondProgram -->
