<?xml version="1.0" encoding="UTF-8"?>
<!-- Generated by org.testng.reporters.JUnitReportReporter -->
<testsuite hostname="LAPTOP-2P2KGHCT" failures="0" tests="1" name="Assertions.Orange_hrm" time="7.692" errors="0" timestamp="2023-07-08T01:56:31 IST" skipped="0">
  <testcase classname="Assertions.Orange_hrm" name="OrangeHRM" time="7.692"/>
</testsuite> <!-- Assertions.Orange_hrm -->
