<?xml version="1.0" encoding="UTF-8"?>
<!-- Generated by org.testng.reporters.JUnitReportReporter -->
<testsuite hostname="LAPTOP-2P2KGHCT" failures="0" tests="1" name="Project.Byjus_video" time="15.769" errors="0" timestamp="2023-07-11T13:58:33 IST" skipped="0">
  <testcase classname="Project.Byjus_video" name="login" time="15.769"/>
</testsuite> <!-- Project.Byjus_video -->
