<?xml version="1.0" encoding="UTF-8"?>
<!-- Generated by org.testng.reporters.JUnitReportReporter -->
<testsuite hostname="LAPTOP-2P2KGHCT" failures="0" tests="1" name="Parameterization.Parameter" time="11.248" errors="0" timestamp="2023-07-18T14:23:10 IST" skipped="0">
  <testcase classname="Parameterization.Parameter" name="Login" time="11.248"/>
</testsuite> <!-- Parameterization.Parameter -->
